<?xml version="1.0" encoding="UTF-8" ?>
<testsuite tests="15" failures="0" name="org.sow.palindrome.PalindromeTest" time="0.001" errors="0" skipped="0">
  <properties>
    <property name="java.runtime.name" value="OpenJDK Runtime Environment"/>
    <property name="java.vm.version" value="14.0.1+14"/>
    <property name="sun.boot.library.path" value="/usr/local/Cellar/openjdk/14.0.1/libexec/openjdk.jdk/Contents/Home/lib"/>
    <property name="maven.multiModuleProjectDirectory" value="/Users/moussa/Documents/labs/pfe/design_pattern"/>
    <property name="java.vm.vendor" value="Oracle Corporation"/>
    <property name="java.vendor.url" value="https://openjdk.java.net/"/>
    <property name="guice.disable.misplaced.annotation.check" value="true"/>
    <property name="path.separator" value=":"/>
    <property name="java.vm.name" value="OpenJDK 64-Bit Server VM"/>
    <property name="user.country" value="FR"/>
    <property name="sun.java.launcher" value="SUN_STANDARD"/>
    <property name="java.vm.specification.name" value="Java Virtual Machine Specification"/>
    <property name="user.dir" value="/Users/moussa/Documents/labs/pfe/design_pattern"/>
    <property name="java.vm.compressedOopsMode" value="Zero based"/>
    <property name="java.runtime.version" value="14.0.1+14"/>
    <property name="os.arch" value="x86_64"/>
    <property name="java.io.tmpdir" value="/var/folders/wb/5zfyyjz574b_3mlyf06tc1pm0000gn/T/"/>
    <property name="line.separator" value="
"/>
    <property name="java.vm.specification.vendor" value="Oracle Corporation"/>
    <property name="os.name" value="Mac OS X"/>
    <property name="classworlds.conf" value="/usr/local/Cellar/maven/3.6.3_1/libexec/bin/m2.conf"/>
    <property name="sun.jnu.encoding" value="UTF-8"/>
    <property name="java.library.path" value="/Users/moussa/Library/Java/Extensions:/Library/Java/Extensions:/Network/Library/Java/Extensions:/System/Library/Java/Extensions:/usr/lib/java:."/>
    <property name="maven.conf" value="/usr/local/Cellar/maven/3.6.3_1/libexec/conf"/>
    <property name="jdk.debug" value="release"/>
    <property name="java.class.version" value="58.0"/>
    <property name="java.specification.name" value="Java Platform API Specification"/>
    <property name="sun.management.compiler" value="HotSpot 64-Bit Tiered Compilers"/>
    <property name="os.version" value="10.16"/>
    <property name="library.jansi.path" value="/usr/local/Cellar/maven/3.6.3_1/libexec/lib/jansi-native"/>
    <property name="http.nonProxyHosts" value="local|*.local|169.254/16|*.169.254/16"/>
    <property name="user.home" value="/Users/moussa"/>
    <property name="user.timezone" value="Europe/Paris"/>
    <property name="file.encoding" value="UTF-8"/>
    <property name="java.specification.version" value="14"/>
    <property name="user.name" value="moussa"/>
    <property name="java.class.path" value="/usr/local/Cellar/maven/3.6.3_1/libexec/boot/plexus-classworlds-2.6.0.jar"/>
    <property name="java.vm.specification.version" value="14"/>
    <property name="sun.arch.data.model" value="64"/>
    <property name="sun.java.command" value="org.codehaus.plexus.classworlds.launcher.Launcher package -DskipTest"/>
    <property name="java.home" value="/usr/local/Cellar/openjdk/14.0.1/libexec/openjdk.jdk/Contents/Home"/>
    <property name="user.language" value="fr"/>
    <property name="java.specification.vendor" value="Oracle Corporation"/>
    <property name="java.vm.info" value="mixed mode, sharing"/>
    <property name="java.version" value="14.0.1"/>
    <property name="java.vendor" value="N/A"/>
    <property name="skipTest" value="true"/>
    <property name="maven.home" value="/usr/local/Cellar/maven/3.6.3_1/libexec"/>
    <property name="file.separator" value="/"/>
    <property name="java.version.date" value="2020-04-14"/>
    <property name="java.vendor.url.bug" value="https://bugreport.java.com/bugreport/"/>
    <property name="sun.io.unicode.encoding" value="UnicodeBig"/>
    <property name="sun.cpu.endian" value="little"/>
    <property name="socksNonProxyHosts" value="local|*.local|169.254/16|*.169.254/16"/>
    <property name="ftp.nonProxyHosts" value="local|*.local|169.254/16|*.169.254/16"/>
  </properties>
  <testcase classname="org.sow.palindrome.PalindromeTest" name="should_return_true_for_an_even_number_of_chars_sentence_that_is_a_palindrome" time="0"/>
  <testcase classname="org.sow.palindrome.PalindromeTest" name="should_return_true_for_a_one_char_sentence" time="0"/>
  <testcase classname="org.sow.palindrome.PalindromeTest" name="should_return_false_for_an_even_number_of_chars_sentence_that_is_not_a_palindrome" time="0"/>
  <testcase classname="org.sow.palindrome.PalindromeTest" name="should_return_false_for_an_even_number_of_chars_sentence_with_spaces_and_mixed_case_that_is_not_a_palindrome" time="0"/>
  <testcase classname="org.sow.palindrome.PalindromeTest" name="should_return_false_for_an_odd_number_of_chars_sentence_that_is_not_a_palindrome" time="0"/>
  <testcase classname="org.sow.palindrome.PalindromeTest" name="should_return_true_for_an_empty_sentence" time="0"/>
  <testcase classname="org.sow.palindrome.PalindromeTest" name="should_return_false_for_an_odd_number_of_chars_sentence_with_spaces_that_is_not_a_palindrome" time="0"/>
  <testcase classname="org.sow.palindrome.PalindromeTest" name="should_return_false_for_a_two_chars_sentence_with_different_letters" time="0"/>
  <testcase classname="org.sow.palindrome.PalindromeTest" name="should_return_true_for_an_odd_number_of_chars_sentence_with_spaces_that_is_a_palindrome" time="0"/>
  <testcase classname="org.sow.palindrome.PalindromeTest" name="should_return_false_for_an_even_number_of_chars_sentence_with_spaces_that_is_not_a_palindrome" time="0"/>
  <testcase classname="org.sow.palindrome.PalindromeTest" name="should_return_true_for_an_odd_number_of_chars_sentence_with_spaces_and_mixed_case_that_is_a_palindrome" time="0"/>
  <testcase classname="org.sow.palindrome.PalindromeTest" name="should_return_true_for_a_two_chars_sentence_with_same_letters" time="0"/>
  <testcase classname="org.sow.palindrome.PalindromeTest" name="should_return_true_for_an_even_number_of_chars_sentence_with_spaces_that_is_a_palindrome" time="0.001"/>
  <testcase classname="org.sow.palindrome.PalindromeTest" name="should_return_false_for_an_odd_number_of_chars_sentence_with_spaces_and_mixed_case_that_is_not_a_palindrome" time="0"/>
  <testcase classname="org.sow.palindrome.PalindromeTest" name="should_return_true_for_an_odd_number_of_chars_sentence_that_is_a_palindrome" time="0"/>
</testsuite>